  [4;36;1mSQL (0.2ms)[0m   [0;1mSET NAMES 'utf8'[0m
  [4;35;1mSQL (0.1ms)[0m   [0mSET SQL_AUTO_IS_NULL=0[0m
  [4;36;1mSQL (0.4ms)[0m   [0;1mSHOW TABLES[0m
  [4;35;1mSQL (58.0ms)[0m   [0mCREATE TABLE `schema_migrations` (`version` varchar(255) NOT NULL) ENGINE=InnoDB[0m
  [4;36;1mSQL (138.2ms)[0m   [0;1mCREATE UNIQUE INDEX `unique_schema_migrations` ON `schema_migrations` (`version`)[0m
  [4;35;1mSQL (0.3ms)[0m   [0mSHOW TABLES[0m
  [4;36;1mSQL (0.2ms)[0m   [0;1mSELECT version FROM schema_migrations[0m
Migrating to CreatePalaceProps (20090603061619)
  [4;36;1mSQL (0.2ms)[0m   [0;1mSET NAMES 'utf8'[0m
  [4;35;1mSQL (0.1ms)[0m   [0mSET SQL_AUTO_IS_NULL=0[0m
  [4;36;1mSQL (0.4ms)[0m   [0;1mSHOW TABLES[0m
  [4;35;1mSQL (0.1ms)[0m   [0mSELECT version FROM schema_migrations[0m
Migrating to CreatePalaceProps (20090603061619)
  [4;36;1mSQL (0.2ms)[0m   [0;1mSET NAMES 'utf8'[0m
  [4;35;1mSQL (0.1ms)[0m   [0mSET SQL_AUTO_IS_NULL=0[0m
  [4;36;1mSQL (0.5ms)[0m   [0;1mSHOW TABLES[0m
  [4;35;1mSQL (0.2ms)[0m   [0mSELECT version FROM schema_migrations[0m
Migrating to CreatePalaceProps (20090603061619)
  [4;36;1mSQL (50.2ms)[0m   [0;1mCREATE TABLE `palace_props` (`id` int(11) DEFAULT NULL auto_increment PRIMARY KEY, `guid` varchar(36), `name` varchar(128), `width` int(11), `height` int(11), `offset_x` int(11), `offset_y` int(11), `legacy_id` int(11), `legacy_crc` int(11), `originating_palace` varchar(255), `flag_head` tinyint(1) DEFAULT 0, `flag_ghost` tinyint(1) DEFAULT 0, `flag_rare` tinyint(1) DEFAULT 0, `flag_animate` tinyint(1) DEFAULT 0, `flag_palindrome` tinyint(1) DEFAULT 0, `flag_bounce` tinyint(1) DEFAULT 0, `created_at` datetime, `updated_at` datetime) ENGINE=InnoDB[0m
  [4;35;1mSQL (133.3ms)[0m   [0mCREATE INDEX `index_palace_props_on_guid` ON `palace_props` (`guid`)[0m
  [4;36;1mSQL (91.2ms)[0m   [0;1mCREATE INDEX `index_palace_props_on_legacy_id` ON `palace_props` (`legacy_id`)[0m
  [4;35;1mSQL (99.0ms)[0m   [0mCREATE INDEX `index_palace_props_on_legacy_crc` ON `palace_props` (`legacy_crc`)[0m
  [4;36;1mSQL (115.7ms)[0m   [0;1mCREATE INDEX `index_palace_props_on_originating_palace` ON `palace_props` (`originating_palace`)[0m
  [4;35;1mSQL (0.3ms)[0m   [0mINSERT INTO schema_migrations (version) VALUES ('20090603061619')[0m
  [4;36;1mSQL (0.5ms)[0m   [0;1mSHOW TABLES[0m
  [4;35;1mSQL (0.1ms)[0m   [0mSELECT version FROM schema_migrations[0m
  [4;36;1mSQL (0.2ms)[0m   [0;1mSHOW TABLES[0m
  [4;35;1mSQL (1.7ms)[0m   [0mSHOW FIELDS FROM `palace_props`[0m
  [4;36;1mSQL (1.4ms)[0m   [0;1mdescribe `palace_props`[0m
  [4;35;1mSQL (0.3ms)[0m   [0mSHOW KEYS FROM `palace_props`[0m
  [4;36;1mSQL (0.2ms)[0m   [0;1mSET NAMES 'utf8'[0m
  [4;35;1mSQL (0.1ms)[0m   [0mSET SQL_AUTO_IS_NULL=0[0m
  [4;36;1mSQL (0.5ms)[0m   [0;1mSHOW TABLES[0m
  [4;35;1mSQL (0.2ms)[0m   [0mSELECT version FROM schema_migrations[0m
  [4;36;1mSQL (0.2ms)[0m   [0;1mSHOW TABLES[0m
  [4;35;1mSQL (0.1ms)[0m   [0mSELECT version FROM schema_migrations[0m
Migrating to CreatePalaceProps (20090603061619)
  [4;36;1mSQL (65.6ms)[0m   [0;1mDROP INDEX `index_palace_props_on_originating_palace` ON palace_props[0m
  [4;35;1mSQL (218.1ms)[0m   [0mDROP INDEX `index_palace_props_on_legacy_crc` ON palace_props[0m
  [4;36;1mSQL (99.2ms)[0m   [0;1mDROP INDEX `index_palace_props_on_legacy_id` ON palace_props[0m
  [4;35;1mSQL (99.0ms)[0m   [0mDROP INDEX `index_palace_props_on_guid` ON palace_props[0m
  [4;36;1mSQL (0.7ms)[0m   [0;1mDROP TABLE `palace_props`[0m
  [4;35;1mSQL (0.4ms)[0m   [0mDELETE FROM schema_migrations WHERE version = '20090603061619'[0m
  [4;36;1mSQL (0.3ms)[0m   [0;1mSHOW TABLES[0m
  [4;35;1mSQL (0.1ms)[0m   [0mSELECT version FROM schema_migrations[0m
  [4;36;1mSQL (0.2ms)[0m   [0;1mSHOW TABLES[0m
  [4;36;1mSQL (0.2ms)[0m   [0;1mSET NAMES 'utf8'[0m
  [4;35;1mSQL (0.1ms)[0m   [0mSET SQL_AUTO_IS_NULL=0[0m
  [4;36;1mSQL (0.4ms)[0m   [0;1mSHOW TABLES[0m
  [4;35;1mSQL (0.2ms)[0m   [0mSELECT version FROM schema_migrations[0m
Migrating to CreatePalaceProps (20090603061619)
  [4;36;1mSQL (74.6ms)[0m   [0;1mCREATE TABLE `palace_props` (`id` int(11) DEFAULT NULL auto_increment PRIMARY KEY, `guid` varchar(36), `name` varchar(128), `width` int(11), `height` int(11), `offset_x` int(11), `offset_y` int(11), `legacy_id` int(11), `legacy_crc` int(11), `originating_palace` varchar(255), `flag_head` tinyint(1) DEFAULT 0, `flag_ghost` tinyint(1) DEFAULT 0, `flag_rare` tinyint(1) DEFAULT 0, `flag_animate` tinyint(1) DEFAULT 0, `flag_palindrome` tinyint(1) DEFAULT 0, `flag_bounce` tinyint(1) DEFAULT 0, `created_at` datetime, `updated_at` datetime) ENGINE=InnoDB DEFAULT CHARSET=utf8[0m
  [4;35;1mSQL (132.5ms)[0m   [0mCREATE INDEX `index_palace_props_on_guid` ON `palace_props` (`guid`)[0m
  [4;36;1mSQL (116.2ms)[0m   [0;1mCREATE INDEX `index_palace_props_on_legacy_id` ON `palace_props` (`legacy_id`)[0m
  [4;35;1mSQL (114.8ms)[0m   [0mCREATE INDEX `index_palace_props_on_legacy_crc` ON `palace_props` (`legacy_crc`)[0m
  [4;36;1mSQL (115.9ms)[0m   [0;1mCREATE INDEX `index_palace_props_on_originating_palace` ON `palace_props` (`originating_palace`)[0m
  [4;35;1mSQL (0.3ms)[0m   [0mINSERT INTO schema_migrations (version) VALUES ('20090603061619')[0m
  [4;36;1mSQL (0.4ms)[0m   [0;1mSHOW TABLES[0m
  [4;35;1mSQL (0.1ms)[0m   [0mSELECT version FROM schema_migrations[0m
  [4;36;1mSQL (0.3ms)[0m   [0;1mSHOW TABLES[0m
  [4;35;1mSQL (2.1ms)[0m   [0mSHOW FIELDS FROM `palace_props`[0m
  [4;36;1mSQL (1.6ms)[0m   [0;1mdescribe `palace_props`[0m
  [4;35;1mSQL (0.3ms)[0m   [0mSHOW KEYS FROM `palace_props`[0m
  [4;36;1mSQL (0.2ms)[0m   [0;1mSET NAMES 'utf8'[0m
  [4;35;1mSQL (0.1ms)[0m   [0mSET SQL_AUTO_IS_NULL=0[0m
  [4;36;1mSQL (0.5ms)[0m   [0;1mSHOW TABLES[0m
  [4;35;1mSQL (0.2ms)[0m   [0mSELECT version FROM schema_migrations[0m
  [4;36;1mSQL (0.2ms)[0m   [0;1mSHOW TABLES[0m
  [4;35;1mSQL (0.1ms)[0m   [0mSELECT version FROM schema_migrations[0m
Migrating to CreatePalaceProps (20090603061619)
  [4;36;1mSQL (73.3ms)[0m   [0;1mDROP INDEX `index_palace_props_on_originating_palace` ON palace_props[0m
  [4;35;1mSQL (207.1ms)[0m   [0mDROP INDEX `index_palace_props_on_legacy_crc` ON palace_props[0m
  [4;36;1mSQL (115.8ms)[0m   [0;1mDROP INDEX `index_palace_props_on_legacy_id` ON palace_props[0m
  [4;35;1mSQL (108.9ms)[0m   [0mDROP INDEX `index_palace_props_on_guid` ON palace_props[0m
  [4;36;1mSQL (6.4ms)[0m   [0;1mDROP TABLE `palace_props`[0m
  [4;35;1mSQL (0.4ms)[0m   [0mDELETE FROM schema_migrations WHERE version = '20090603061619'[0m
  [4;36;1mSQL (0.3ms)[0m   [0;1mSHOW TABLES[0m
  [4;35;1mSQL (0.1ms)[0m   [0mSELECT version FROM schema_migrations[0m
  [4;36;1mSQL (0.2ms)[0m   [0;1mSHOW TABLES[0m
  [4;36;1mSQL (0.2ms)[0m   [0;1mSET NAMES 'utf8'[0m
  [4;35;1mSQL (0.1ms)[0m   [0mSET SQL_AUTO_IS_NULL=0[0m
  [4;36;1mSQL (0.4ms)[0m   [0;1mSHOW TABLES[0m
  [4;35;1mSQL (0.1ms)[0m   [0mSELECT version FROM schema_migrations[0m
Migrating to CreatePalaceProps (20090603061619)
  [4;36;1mSQL (66.3ms)[0m   [0;1mCREATE TABLE `palace_props` (`id` int(11) DEFAULT NULL auto_increment PRIMARY KEY, `guid` varchar(36), `name` varchar(128), `width` int(11), `height` int(11), `offset_x` int(11), `offset_y` int(11), `legacy_id` int(11), `legacy_crc` int(11), `originating_palace` varchar(255), `flag_head` tinyint(1) DEFAULT 0, `flag_ghost` tinyint(1) DEFAULT 0, `flag_rare` tinyint(1) DEFAULT 0, `flag_animate` tinyint(1) DEFAULT 0, `flag_palindrome` tinyint(1) DEFAULT 0, `flag_bounce` tinyint(1) DEFAULT 0, `created_at` datetime, `updated_at` datetime) ENGINE=InnoDB DEFAULT CHARSET=utf8[0m
  [4;35;1mSQL (164.8ms)[0m   [0mCREATE INDEX `index_palace_props_on_guid` ON `palace_props` (`guid`)[0m
  [4;36;1mSQL (108.2ms)[0m   [0;1mCREATE INDEX `index_palace_props_on_legacy_id` ON `palace_props` (`legacy_id`)[0m
  [4;35;1mSQL (115.3ms)[0m   [0mCREATE INDEX `index_palace_props_on_legacy_crc` ON `palace_props` (`legacy_crc`)[0m
  [4;36;1mSQL (115.9ms)[0m   [0;1mCREATE INDEX `index_palace_props_on_originating_palace` ON `palace_props` (`originating_palace`)[0m
  [4;35;1mSQL (0.4ms)[0m   [0mINSERT INTO schema_migrations (version) VALUES ('20090603061619')[0m
  [4;36;1mSQL (0.4ms)[0m   [0;1mSHOW TABLES[0m
  [4;35;1mSQL (0.1ms)[0m   [0mSELECT version FROM schema_migrations[0m
  [4;36;1mSQL (0.2ms)[0m   [0;1mSHOW TABLES[0m
  [4;35;1mSQL (1.5ms)[0m   [0mSHOW FIELDS FROM `palace_props`[0m
  [4;36;1mSQL (1.2ms)[0m   [0;1mdescribe `palace_props`[0m
  [4;35;1mSQL (0.2ms)[0m   [0mSHOW KEYS FROM `palace_props`[0m
  [4;36;1mSQL (0.2ms)[0m   [0;1mSET NAMES 'utf8'[0m
  [4;35;1mSQL (0.1ms)[0m   [0mSET SQL_AUTO_IS_NULL=0[0m
  [4;36;1mSQL (0.5ms)[0m   [0;1mSHOW TABLES[0m
  [4;35;1mSQL (0.2ms)[0m   [0mSELECT version FROM schema_migrations[0m
  [4;36;1mSQL (0.2ms)[0m   [0;1mSHOW TABLES[0m
  [4;35;1mSQL (0.1ms)[0m   [0mSELECT version FROM schema_migrations[0m
Migrating to CreatePalaceProps (20090603061619)
  [4;36;1mSQL (187.9ms)[0m   [0;1mDROP INDEX `index_palace_props_on_originating_palace` ON palace_props[0m
  [4;35;1mSQL (92.4ms)[0m   [0mDROP INDEX `index_palace_props_on_legacy_crc` ON palace_props[0m
  [4;36;1mSQL (108.1ms)[0m   [0;1mDROP INDEX `index_palace_props_on_legacy_id` ON palace_props[0m
  [4;35;1mSQL (106.3ms)[0m   [0mDROP INDEX `index_palace_props_on_guid` ON palace_props[0m
  [4;36;1mSQL (7.3ms)[0m   [0;1mDROP TABLE `palace_props`[0m
  [4;35;1mSQL (0.4ms)[0m   [0mDELETE FROM schema_migrations WHERE version = '20090603061619'[0m
  [4;36;1mSQL (0.5ms)[0m   [0;1mSHOW TABLES[0m
  [4;35;1mSQL (0.2ms)[0m   [0mSELECT version FROM schema_migrations[0m
  [4;36;1mSQL (0.2ms)[0m   [0;1mSHOW TABLES[0m
  [4;36;1mSQL (0.2ms)[0m   [0;1mSET NAMES 'utf8'[0m
  [4;35;1mSQL (0.1ms)[0m   [0mSET SQL_AUTO_IS_NULL=0[0m
  [4;36;1mSQL (0.4ms)[0m   [0;1mSHOW TABLES[0m
  [4;35;1mSQL (0.1ms)[0m   [0mSELECT version FROM schema_migrations[0m
Migrating to CreatePalaceProps (20090603061619)
  [4;36;1mSQL (0.0ms)[0m   [0;1mMysql::Error: You have an error in your SQL syntax; check the manual that corresponds to your MySQL server version for the right syntax to use near 'integer_unsigned, `originating_palace` varchar(255), `flag_head` tinyint(1) DEFA' at line 1: CREATE TABLE `palace_props` (`id` int(11) DEFAULT NULL auto_increment PRIMARY KEY, `guid` varchar(36), `name` varchar(128), `width` int(11), `height` int(11), `offset_x` int(11), `offset_y` int(11), `legacy_id` int(11), `legacy_crc` integer_unsigned, `originating_palace` varchar(255), `flag_head` tinyint(1) DEFAULT 0, `flag_ghost` tinyint(1) DEFAULT 0, `flag_rare` tinyint(1) DEFAULT 0, `flag_animate` tinyint(1) DEFAULT 0, `flag_palindrome` tinyint(1) DEFAULT 0, `flag_bounce` tinyint(1) DEFAULT 0, `created_at` datetime, `updated_at` datetime) ENGINE=InnoDB DEFAULT CHARSET=utf8[0m
  [4;36;1mSQL (0.2ms)[0m   [0;1mSET NAMES 'utf8'[0m
  [4;35;1mSQL (0.1ms)[0m   [0mSET SQL_AUTO_IS_NULL=0[0m
  [4;36;1mSQL (0.4ms)[0m   [0;1mSHOW TABLES[0m
  [4;35;1mSQL (0.2ms)[0m   [0mSELECT version FROM schema_migrations[0m
Migrating to CreatePalaceProps (20090603061619)
  [4;36;1mSQL (74.0ms)[0m   [0;1mCREATE TABLE `palace_props` (`id` int(11) DEFAULT NULL auto_increment PRIMARY KEY, `guid` varchar(36), `name` varchar(128), `width` int(11), `height` int(11), `offset_x` int(11), `offset_y` int(11), `legacy_id` int(11), `legacy_crc` integer unsigned, `originating_palace` varchar(255), `flag_head` tinyint(1) DEFAULT 0, `flag_ghost` tinyint(1) DEFAULT 0, `flag_rare` tinyint(1) DEFAULT 0, `flag_animate` tinyint(1) DEFAULT 0, `flag_palindrome` tinyint(1) DEFAULT 0, `flag_bounce` tinyint(1) DEFAULT 0, `created_at` datetime, `updated_at` datetime) ENGINE=InnoDB DEFAULT CHARSET=utf8[0m
  [4;35;1mSQL (164.9ms)[0m   [0mCREATE INDEX `index_palace_props_on_guid` ON `palace_props` (`guid`)[0m
  [4;36;1mSQL (107.6ms)[0m   [0;1mCREATE INDEX `index_palace_props_on_legacy_id` ON `palace_props` (`legacy_id`)[0m
  [4;35;1mSQL (107.6ms)[0m   [0mCREATE INDEX `index_palace_props_on_legacy_crc` ON `palace_props` (`legacy_crc`)[0m
  [4;36;1mSQL (115.9ms)[0m   [0;1mCREATE INDEX `index_palace_props_on_originating_palace` ON `palace_props` (`originating_palace`)[0m
  [4;35;1mSQL (0.5ms)[0m   [0mINSERT INTO schema_migrations (version) VALUES ('20090603061619')[0m
  [4;36;1mSQL (0.5ms)[0m   [0;1mSHOW TABLES[0m
  [4;35;1mSQL (0.1ms)[0m   [0mSELECT version FROM schema_migrations[0m
  [4;36;1mSQL (0.2ms)[0m   [0;1mSHOW TABLES[0m
  [4;35;1mSQL (1.7ms)[0m   [0mSHOW FIELDS FROM `palace_props`[0m
  [4;36;1mSQL (1.5ms)[0m   [0;1mdescribe `palace_props`[0m
  [4;35;1mSQL (0.3ms)[0m   [0mSHOW KEYS FROM `palace_props`[0m
  [4;36;1mSQL (0.2ms)[0m   [0;1mSET NAMES 'utf8'[0m
  [4;35;1mSQL (0.1ms)[0m   [0mSET SQL_AUTO_IS_NULL=0[0m


Processing PropsController#new (for ::1 at 2009-06-03 00:50:09) [GET]

NameError (undefined local variable or method `foo' for #<PropsController:0x1c869cc>):
  app/controllers/props_controller.rb:13:in `new'
  /opt/local/lib/ruby/1.8/webrick/httpserver.rb:104:in `service'
  /opt/local/lib/ruby/1.8/webrick/httpserver.rb:65:in `run'
  /opt/local/lib/ruby/1.8/webrick/server.rb:173:in `start_thread'
  /opt/local/lib/ruby/1.8/webrick/server.rb:162:in `start'
  /opt/local/lib/ruby/1.8/webrick/server.rb:162:in `start_thread'
  /opt/local/lib/ruby/1.8/webrick/server.rb:95:in `start'
  /opt/local/lib/ruby/1.8/webrick/server.rb:92:in `each'
  /opt/local/lib/ruby/1.8/webrick/server.rb:92:in `start'
  /opt/local/lib/ruby/1.8/webrick/server.rb:23:in `start'
  /opt/local/lib/ruby/1.8/webrick/server.rb:82:in `start'

Rendered rescues/_trace (55.1ms)
Rendered rescues/_request_and_response (1.7ms)
Rendering rescues/layout (internal_server_error)
  [4;36;1mSQL (0.1ms)[0m   [0;1mSET NAMES 'utf8'[0m
  [4;35;1mSQL (0.1ms)[0m   [0mSET SQL_AUTO_IS_NULL=0[0m


Processing PropsController#new (for ::1 at 2009-06-03 00:50:29) [GET]

NoMethodError (undefined method `foo=' for #<ActionController::Request:0x1a00234>):
  app/controllers/props_controller.rb:21:in `decode_json_param'
  /opt/local/lib/ruby/1.8/webrick/httpserver.rb:104:in `service'
  /opt/local/lib/ruby/1.8/webrick/httpserver.rb:65:in `run'
  /opt/local/lib/ruby/1.8/webrick/server.rb:173:in `start_thread'
  /opt/local/lib/ruby/1.8/webrick/server.rb:162:in `start'
  /opt/local/lib/ruby/1.8/webrick/server.rb:162:in `start_thread'
  /opt/local/lib/ruby/1.8/webrick/server.rb:95:in `start'
  /opt/local/lib/ruby/1.8/webrick/server.rb:92:in `each'
  /opt/local/lib/ruby/1.8/webrick/server.rb:92:in `start'
  /opt/local/lib/ruby/1.8/webrick/server.rb:23:in `start'
  /opt/local/lib/ruby/1.8/webrick/server.rb:82:in `start'

Rendered rescues/_trace (55.8ms)
Rendered rescues/_request_and_response (0.4ms)
Rendering rescues/layout (internal_server_error)
  [4;36;1mSQL (0.1ms)[0m   [0;1mSET NAMES 'utf8'[0m
  [4;35;1mSQL (0.1ms)[0m   [0mSET SQL_AUTO_IS_NULL=0[0m


Processing PropsController#new (for ::1 at 2009-06-03 00:50:45) [GET]
Completed in 7ms (View: 1, DB: 0) | 200 OK [http://localhost/props/new]
  [4;36;1mSQL (0.1ms)[0m   [0;1mSET NAMES 'utf8'[0m
  [4;35;1mSQL (0.1ms)[0m   [0mSET SQL_AUTO_IS_NULL=0[0m


Processing PropsController#new (for ::1 at 2009-06-03 00:53:33) [GET]
  Parameters: {"json"=>"{\"bar\":\"blahBlah\"}"}
Completed in 7ms (View: 1, DB: 0) | 200 OK [http://localhost/props/new?json=%7B%22bar%22%3A%22blahBlah%22%7D]
  [4;36;1mSQL (0.1ms)[0m   [0;1mSET NAMES 'utf8'[0m
  [4;35;1mSQL (0.1ms)[0m   [0mSET SQL_AUTO_IS_NULL=0[0m


Processing PropsController#new (for ::1 at 2009-06-03 00:54:10) [GET]
  Parameters: {"json"=>"{\"bar\":\"blahBlah\"}"}
Completed in 7ms (View: 1, DB: 0) | 200 OK [http://localhost/props/new?json=%7B%22bar%22%3A%22blahBlah%22%7D]
  [4;36;1mSQL (0.1ms)[0m   [0;1mSET NAMES 'utf8'[0m
  [4;35;1mSQL (0.1ms)[0m   [0mSET SQL_AUTO_IS_NULL=0[0m


Processing PropsController#new (for ::1 at 2009-06-03 00:58:23) [GET]

TypeError (can't convert nil into String):
  json (1.1.6) lib/json/common.rb:122:in `initialize'
  json (1.1.6) lib/json/common.rb:122:in `new'
  json (1.1.6) lib/json/common.rb:122:in `parse'
  app/controllers/props_controller.rb:12:in `new'
  /opt/local/lib/ruby/1.8/webrick/httpserver.rb:104:in `service'
  /opt/local/lib/ruby/1.8/webrick/httpserver.rb:65:in `run'
  /opt/local/lib/ruby/1.8/webrick/server.rb:173:in `start_thread'
  /opt/local/lib/ruby/1.8/webrick/server.rb:162:in `start'
  /opt/local/lib/ruby/1.8/webrick/server.rb:162:in `start_thread'
  /opt/local/lib/ruby/1.8/webrick/server.rb:95:in `start'
  /opt/local/lib/ruby/1.8/webrick/server.rb:92:in `each'
  /opt/local/lib/ruby/1.8/webrick/server.rb:92:in `start'
  /opt/local/lib/ruby/1.8/webrick/server.rb:23:in `start'
  /opt/local/lib/ruby/1.8/webrick/server.rb:82:in `start'

Rendered rescues/_trace (55.2ms)
Rendered rescues/_request_and_response (0.4ms)
Rendering rescues/layout (internal_server_error)
  [4;36;1mSQL (0.1ms)[0m   [0;1mSET NAMES 'utf8'[0m
  [4;35;1mSQL (0.1ms)[0m   [0mSET SQL_AUTO_IS_NULL=0[0m


Processing PropsController#new (for ::1 at 2009-06-03 00:58:59) [GET]
Completed in 7ms (View: 1, DB: 0) | 200 OK [http://localhost/props/new]
  [4;36;1mSQL (0.1ms)[0m   [0;1mSET NAMES 'utf8'[0m
  [4;35;1mSQL (0.1ms)[0m   [0mSET SQL_AUTO_IS_NULL=0[0m


Processing PropsController#new (for ::1 at 2009-06-03 00:59:10) [GET]
  Parameters: {"json"=>"{\"bar\":\"blahBlah\"}"}

NameError (undefined local variable or method `success' for #<PropsController:0x132f6d0>):
  app/controllers/props_controller.rb:16:in `new'
  /opt/local/lib/ruby/1.8/webrick/httpserver.rb:104:in `service'
  /opt/local/lib/ruby/1.8/webrick/httpserver.rb:65:in `run'
  /opt/local/lib/ruby/1.8/webrick/server.rb:173:in `start_thread'
  /opt/local/lib/ruby/1.8/webrick/server.rb:162:in `start'
  /opt/local/lib/ruby/1.8/webrick/server.rb:162:in `start_thread'
  /opt/local/lib/ruby/1.8/webrick/server.rb:95:in `start'
  /opt/local/lib/ruby/1.8/webrick/server.rb:92:in `each'
  /opt/local/lib/ruby/1.8/webrick/server.rb:92:in `start'
  /opt/local/lib/ruby/1.8/webrick/server.rb:23:in `start'
  /opt/local/lib/ruby/1.8/webrick/server.rb:82:in `start'

Rendered rescues/_trace (92.5ms)
Rendered rescues/_request_and_response (0.4ms)
Rendering rescues/layout (internal_server_error)
  [4;36;1mSQL (0.2ms)[0m   [0;1mSET NAMES 'utf8'[0m
  [4;35;1mSQL (0.1ms)[0m   [0mSET SQL_AUTO_IS_NULL=0[0m


Processing PropsController#new (for ::1 at 2009-06-03 00:59:20) [GET]
  Parameters: {"json"=>"{\"bar\":\"blahBlah\"}"}
Completed in 7ms (View: 1, DB: 0) | 200 OK [http://localhost/props/new?json=%7B%22bar%22%3A%22blahBlah%22%7D]
  [4;36;1mSQL (0.1ms)[0m   [0;1mSET NAMES 'utf8'[0m
  [4;35;1mSQL (0.1ms)[0m   [0mSET SQL_AUTO_IS_NULL=0[0m


Processing PropsController#new (for ::1 at 2009-06-03 01:00:06) [GET]
  Parameters: {"json"=>"{\"bar\":\"blahBlah\"}"}
Completed in 7ms (View: 1, DB: 0) | 200 OK [http://localhost/props/new?json=%7B%22bar%22%3A%22blahBlah%22%7D]
  [4;36;1mSQL (0.1ms)[0m   [0;1mSET NAMES 'utf8'[0m
  [4;35;1mSQL (0.1ms)[0m   [0mSET SQL_AUTO_IS_NULL=0[0m


Processing PropsController#new (for ::1 at 2009-06-03 01:02:01) [GET]
  Parameters: {"json"=>"{\"bar\":\"blahBlah\"}"}
Completed in 7ms (View: 1, DB: 0) | 200 OK [http://localhost/props/new?json=%7B%22bar%22%3A%22blahBlah%22%7D]
  [4;36;1mSQL (0.1ms)[0m   [0;1mSET NAMES 'utf8'[0m
  [4;35;1mSQL (0.1ms)[0m   [0mSET SQL_AUTO_IS_NULL=0[0m


Processing PropsController#new (for ::1 at 2009-06-03 01:03:21) [GET]
  Parameters: {"json"=>"{\"bar\":\"blahBlah\"}"}
Completed in 7ms (View: 1, DB: 0) | 200 OK [http://localhost/props/new?json=%7B%22bar%22%3A%22blahBlah%22%7D]
  [4;36;1mSQL (0.2ms)[0m   [0;1mSET NAMES 'utf8'[0m
  [4;35;1mSQL (0.1ms)[0m   [0mSET SQL_AUTO_IS_NULL=0[0m


Processing PropsController#new (for 127.0.0.1 at 2009-06-03 01:11:42) [GET]
  Parameters: {"json"=>"{\"api_version\":1}"}
Completed in 7ms (View: 1, DB: 0) | 200 OK [http://localhost/props/new?json={%22api_version%22%3A1}]
  [4;36;1mSQL (0.2ms)[0m   [0;1mSET NAMES 'utf8'[0m
  [4;35;1mSQL (0.1ms)[0m   [0mSET SQL_AUTO_IS_NULL=0[0m


Processing ApplicationController#new (for 127.0.0.1 at 2009-06-03 01:47:31) [POST]
  Parameters: {"{\n  \"api_version\": 1,\n  \"props\": "=>{"\n    {\n      \"flags\": {\n        \"head\": true,\n        \"ghost\": false,\n        \"rare\": true,\n        \"animate\": true,\n        \"palindrome\": false,\n        \"bounce\": false\n      },\n      \"offsets\": {\n        \"x\": 24,\n        \"y\": 39\n      },\n      \"size\": {\n        \"width\": 44,\n        \"height\": 44\n      },\n      \"legacy_identifier\": {\n        \"originating_palace\": \"openpalace.org:9998\",\n        \"id\": 3728473857,\n        \"crc\": 1984398582\n      },\n      \"temp_id\": \"TEMPORARY_IDENTIFIER_STRING 1\",\n      \"name\": \"Prop Name\"\n    },\n    {\n      \"flags\": {\n        \"head\": true,\n        \"ghost\": false,\n        \"rare\": true,\n        \"animate\": true,\n        \"palindrome\": false,\n        \"bounce\": false\n      },\n      \"offsets\": {\n        \"x\": 45,\n        \"y\": 21\n      },\n      \"size\": {\n        \"width\": 44,\n        \"height\": 44\n      },\n      \"legacy_identifier\": {\n        \"originating_palace\": \"openpalace.org:9998\",\n        \"id\": 2059382943,\n        \"crc\": 1394839283\n      },\n      \"temp_id\": \"TEMPORARY_IDENTIFIER_STRING 2\",\n      \"name\": \"Prop Name\",\n      \"obsoletes_guid\": \"2249a8ad-c45b-44c3-af89-936cd8a9a837\"\n    }\n  "=>{"\n}"=>nil}}}

SyntaxError (/Users/Brian/personal/flex_palace/OpenPalaceWebService/app/controllers/props_controller.rb:62: syntax error, unexpected '{', expecting kTHEN or ':' or '\n' or ';'
/Users/Brian/personal/flex_palace/OpenPalaceWebService/app/controllers/props_controller.rb:64: syntax error, unexpected '}', expecting kEND):
  

Rendered rescues/_trace (55.2ms)
Rendered rescues/_request_and_response (1.9ms)
Rendering rescues/layout (internal_server_error)
  [4;36;1mSQL (0.1ms)[0m   [0;1mSET NAMES 'utf8'[0m
  [4;35;1mSQL (0.1ms)[0m   [0mSET SQL_AUTO_IS_NULL=0[0m


Processing ApplicationController#new (for 127.0.0.1 at 2009-06-03 01:47:50) [POST]
  Parameters: {"{\n  \"api_version\": 1,\n  \"props\": "=>{"\n    {\n      \"flags\": {\n        \"head\": true,\n        \"ghost\": false,\n        \"rare\": true,\n        \"animate\": true,\n        \"palindrome\": false,\n        \"bounce\": false\n      },\n      \"offsets\": {\n        \"x\": 24,\n        \"y\": 39\n      },\n      \"size\": {\n        \"width\": 44,\n        \"height\": 44\n      },\n      \"legacy_identifier\": {\n        \"originating_palace\": \"openpalace.org:9998\",\n        \"id\": 3728473857,\n        \"crc\": 1984398582\n      },\n      \"temp_id\": \"TEMPORARY_IDENTIFIER_STRING 1\",\n      \"name\": \"Prop Name\"\n    },\n    {\n      \"flags\": {\n        \"head\": true,\n        \"ghost\": false,\n        \"rare\": true,\n        \"animate\": true,\n        \"palindrome\": false,\n        \"bounce\": false\n      },\n      \"offsets\": {\n        \"x\": 45,\n        \"y\": 21\n      },\n      \"size\": {\n        \"width\": 44,\n        \"height\": 44\n      },\n      \"legacy_identifier\": {\n        \"originating_palace\": \"openpalace.org:9998\",\n        \"id\": 2059382943,\n        \"crc\": 1394839283\n      },\n      \"temp_id\": \"TEMPORARY_IDENTIFIER_STRING 2\",\n      \"name\": \"Prop Name\",\n      \"obsoletes_guid\": \"2249a8ad-c45b-44c3-af89-936cd8a9a837\"\n    }\n  "=>{"\n}"=>nil}}}

MissingSourceFile (no such file to load -- uuid):
  app/controllers/props_controller.rb:5

Rendered rescues/_trace (59.2ms)
Rendered rescues/_request_and_response (0.7ms)
Rendering rescues/layout (internal_server_error)
  [4;36;1mSQL (0.2ms)[0m   [0;1mSET NAMES 'utf8'[0m
  [4;35;1mSQL (0.1ms)[0m   [0mSET SQL_AUTO_IS_NULL=0[0m


Processing PropsController#new (for 127.0.0.1 at 2009-06-03 01:48:05) [POST]
  Parameters: {"{\n  \"api_version\": 1,\n  \"props\": "=>{"\n    {\n      \"flags\": {\n        \"head\": true,\n        \"ghost\": false,\n        \"rare\": true,\n        \"animate\": true,\n        \"palindrome\": false,\n        \"bounce\": false\n      },\n      \"offsets\": {\n        \"x\": 24,\n        \"y\": 39\n      },\n      \"size\": {\n        \"width\": 44,\n        \"height\": 44\n      },\n      \"legacy_identifier\": {\n        \"originating_palace\": \"openpalace.org:9998\",\n        \"id\": 3728473857,\n        \"crc\": 1984398582\n      },\n      \"temp_id\": \"TEMPORARY_IDENTIFIER_STRING 1\",\n      \"name\": \"Prop Name\"\n    },\n    {\n      \"flags\": {\n        \"head\": true,\n        \"ghost\": false,\n        \"rare\": true,\n        \"animate\": true,\n        \"palindrome\": false,\n        \"bounce\": false\n      },\n      \"offsets\": {\n        \"x\": 45,\n        \"y\": 21\n      },\n      \"size\": {\n        \"width\": 44,\n        \"height\": 44\n      },\n      \"legacy_identifier\": {\n        \"originating_palace\": \"openpalace.org:9998\",\n        \"id\": 2059382943,\n        \"crc\": 1394839283\n      },\n      \"temp_id\": \"TEMPORARY_IDENTIFIER_STRING 2\",\n      \"name\": \"Prop Name\",\n      \"obsoletes_guid\": \"2249a8ad-c45b-44c3-af89-936cd8a9a837\"\n    }\n  "=>{"\n}"=>nil}}}

ActionController::InvalidAuthenticityToken (ActionController::InvalidAuthenticityToken):
  

Rendered rescues/_trace (60.6ms)
Rendered rescues/_request_and_response (1.9ms)
Rendering rescues/layout (unprocessable_entity)
  [4;36;1mSQL (0.1ms)[0m   [0;1mSET NAMES 'utf8'[0m
  [4;35;1mSQL (0.1ms)[0m   [0mSET SQL_AUTO_IS_NULL=0[0m


Processing PropsController#new (for 127.0.0.1 at 2009-06-03 01:51:13) [POST]
  Parameters: {"{\n  \"api_version\": 1,\n  \"props\": "=>{"\n    {\n      \"flags\": {\n        \"head\": true,\n        \"ghost\": false,\n        \"rare\": true,\n        \"animate\": true,\n        \"palindrome\": false,\n        \"bounce\": false\n      },\n      \"offsets\": {\n        \"x\": 24,\n        \"y\": 39\n      },\n      \"size\": {\n        \"width\": 44,\n        \"height\": 44\n      },\n      \"legacy_identifier\": {\n        \"originating_palace\": \"openpalace.org:9998\",\n        \"id\": 3728473857,\n        \"crc\": 1984398582\n      },\n      \"temp_id\": \"TEMPORARY_IDENTIFIER_STRING 1\",\n      \"name\": \"Prop Name\"\n    },\n    {\n      \"flags\": {\n        \"head\": true,\n        \"ghost\": false,\n        \"rare\": true,\n        \"animate\": true,\n        \"palindrome\": false,\n        \"bounce\": false\n      },\n      \"offsets\": {\n        \"x\": 45,\n        \"y\": 21\n      },\n      \"size\": {\n        \"width\": 44,\n        \"height\": 44\n      },\n      \"legacy_identifier\": {\n        \"originating_palace\": \"openpalace.org:9998\",\n        \"id\": 2059382943,\n        \"crc\": 1394839283\n      },\n      \"temp_id\": \"TEMPORARY_IDENTIFIER_STRING 2\",\n      \"name\": \"Prop Name\",\n      \"obsoletes_guid\": \"2249a8ad-c45b-44c3-af89-936cd8a9a837\"\n    }\n  "=>{"\n}"=>nil}}}
Completed in 7ms (View: 1, DB: 0) | 200 OK [http://localhost/props/new]
  [4;36;1mSQL (0.1ms)[0m   [0;1mSET NAMES 'utf8'[0m
  [4;35;1mSQL (0.1ms)[0m   [0mSET SQL_AUTO_IS_NULL=0[0m


Processing PropsController#new (for 127.0.0.1 at 2009-06-03 01:51:28) [POST]
  Parameters: {"json"=>"{\n  \"api_version\": 1,\n  \"props\": [\n    {\n      \"flags\": {\n        \"head\": true,\n        \"ghost\": false,\n        \"rare\": true,\n        \"animate\": true,\n        \"palindrome\": false,\n        \"bounce\": false\n      },\n      \"offsets\": {\n        \"x\": 24,\n        \"y\": 39\n      },\n      \"size\": {\n        \"width\": 44,\n        \"height\": 44\n      },\n      \"legacy_identifier\": {\n        \"originating_palace\": \"openpalace.org:9998\",\n        \"id\": 3728473857,\n        \"crc\": 1984398582\n      },\n      \"temp_id\": \"TEMPORARY_IDENTIFIER_STRING 1\",\n      \"name\": \"Prop Name\"\n    },\n    {\n      \"flags\": {\n        \"head\": true,\n        \"ghost\": false,\n        \"rare\": true,\n        \"animate\": true,\n        \"palindrome\": false,\n        \"bounce\": false\n      },\n      \"offsets\": {\n        \"x\": 45,\n        \"y\": 21\n      },\n      \"size\": {\n        \"width\": 44,\n        \"height\": 44\n      },\n      \"legacy_identifier\": {\n        \"originating_palace\": \"openpalace.org:9998\",\n        \"id\": 2059382943,\n        \"crc\": 1394839283\n      },\n      \"temp_id\": \"TEMPORARY_IDENTIFIER_STRING 2\",\n      \"name\": \"Prop Name\",\n      \"obsoletes_guid\": \"2249a8ad-c45b-44c3-af89-936cd8a9a837\"\n    }\n  ]\n}"}

NameError (uninitialized constant PropsController::Prop):
  app/controllers/props_controller.rb:33:in `new'
  app/controllers/props_controller.rb:32:in `each'
  app/controllers/props_controller.rb:32:in `new'

Rendered rescues/_trace (110.4ms)
Rendered rescues/_request_and_response (0.6ms)
Rendering rescues/layout (internal_server_error)
  [4;36;1mSQL (0.1ms)[0m   [0;1mSET NAMES 'utf8'[0m
  [4;35;1mSQL (0.1ms)[0m   [0mSET SQL_AUTO_IS_NULL=0[0m


Processing PropsController#new (for 127.0.0.1 at 2009-06-03 01:52:00) [POST]
  Parameters: {"json"=>"{\n  \"api_version\": 1,\n  \"props\": [\n    {\n      \"flags\": {\n        \"head\": true,\n        \"ghost\": false,\n        \"rare\": true,\n        \"animate\": true,\n        \"palindrome\": false,\n        \"bounce\": false\n      },\n      \"offsets\": {\n        \"x\": 24,\n        \"y\": 39\n      },\n      \"size\": {\n        \"width\": 44,\n        \"height\": 44\n      },\n      \"legacy_identifier\": {\n        \"originating_palace\": \"openpalace.org:9998\",\n        \"id\": 3728473857,\n        \"crc\": 1984398582\n      },\n      \"temp_id\": \"TEMPORARY_IDENTIFIER_STRING 1\",\n      \"name\": \"Prop Name\"\n    },\n    {\n      \"flags\": {\n        \"head\": true,\n        \"ghost\": false,\n        \"rare\": true,\n        \"animate\": true,\n        \"palindrome\": false,\n        \"bounce\": false\n      },\n      \"offsets\": {\n        \"x\": 45,\n        \"y\": 21\n      },\n      \"size\": {\n        \"width\": 44,\n        \"height\": 44\n      },\n      \"legacy_identifier\": {\n        \"originating_palace\": \"openpalace.org:9998\",\n        \"id\": 2059382943,\n        \"crc\": 1394839283\n      },\n      \"temp_id\": \"TEMPORARY_IDENTIFIER_STRING 2\",\n      \"name\": \"Prop Name\",\n      \"obsoletes_guid\": \"2249a8ad-c45b-44c3-af89-936cd8a9a837\"\n    }\n  ]\n}"}
  [4;36;1mPalaceProp Columns (1.9ms)[0m   [0;1mSHOW FIELDS FROM `palace_props`[0m

NoMethodError (undefined method `uuid=' for #<PalaceProp:0x18dbb9c>):
  app/controllers/props_controller.rb:34:in `new'
  app/controllers/props_controller.rb:32:in `each'
  app/controllers/props_controller.rb:32:in `new'

Rendered rescues/_trace (57.9ms)
Rendered rescues/_request_and_response (0.6ms)
Rendering rescues/layout (internal_server_error)
  [4;35;1mSQL (0.1ms)[0m   [0mSET NAMES 'utf8'[0m
  [4;36;1mSQL (0.1ms)[0m   [0;1mSET SQL_AUTO_IS_NULL=0[0m


Processing PropsController#new (for 127.0.0.1 at 2009-06-03 01:52:32) [POST]
  Parameters: {"json"=>"{\n  \"api_version\": 1,\n  \"props\": [\n    {\n      \"flags\": {\n        \"head\": true,\n        \"ghost\": false,\n        \"rare\": true,\n        \"animate\": true,\n        \"palindrome\": false,\n        \"bounce\": false\n      },\n      \"offsets\": {\n        \"x\": 24,\n        \"y\": 39\n      },\n      \"size\": {\n        \"width\": 44,\n        \"height\": 44\n      },\n      \"legacy_identifier\": {\n        \"originating_palace\": \"openpalace.org:9998\",\n        \"id\": 3728473857,\n        \"crc\": 1984398582\n      },\n      \"temp_id\": \"TEMPORARY_IDENTIFIER_STRING 1\",\n      \"name\": \"Prop Name\"\n    },\n    {\n      \"flags\": {\n        \"head\": true,\n        \"ghost\": false,\n        \"rare\": true,\n        \"animate\": true,\n        \"palindrome\": false,\n        \"bounce\": false\n      },\n      \"offsets\": {\n        \"x\": 45,\n        \"y\": 21\n      },\n      \"size\": {\n        \"width\": 44,\n        \"height\": 44\n      },\n      \"legacy_identifier\": {\n        \"originating_palace\": \"openpalace.org:9998\",\n        \"id\": 2059382943,\n        \"crc\": 1394839283\n      },\n      \"temp_id\": \"TEMPORARY_IDENTIFIER_STRING 2\",\n      \"name\": \"Prop Name\",\n      \"obsoletes_guid\": \"2249a8ad-c45b-44c3-af89-936cd8a9a837\"\n    }\n  ]\n}"}
  [4;35;1mPalaceProp Columns (1.8ms)[0m   [0mSHOW FIELDS FROM `palace_props`[0m

NoMethodError (You have a nil object when you didn't expect it!
You might have expected an instance of ActiveRecord::Base.
The error occurred while evaluating nil.[]=):
  app/controllers/props_controller.rb:41:in `new'
  app/controllers/props_controller.rb:32:in `each'
  app/controllers/props_controller.rb:32:in `new'

Rendered rescues/_trace (101.1ms)
Rendered rescues/_request_and_response (0.7ms)
Rendering rescues/layout (internal_server_error)
  [4;36;1mSQL (0.1ms)[0m   [0;1mSET NAMES 'utf8'[0m
  [4;35;1mSQL (0.1ms)[0m   [0mSET SQL_AUTO_IS_NULL=0[0m


Processing PropsController#new (for 127.0.0.1 at 2009-06-03 01:53:02) [POST]
  Parameters: {"json"=>"{\n  \"api_version\": 1,\n  \"props\": [\n    {\n      \"flags\": {\n        \"head\": true,\n        \"ghost\": false,\n        \"rare\": true,\n        \"animate\": true,\n        \"palindrome\": false,\n        \"bounce\": false\n      },\n      \"offsets\": {\n        \"x\": 24,\n        \"y\": 39\n      },\n      \"size\": {\n        \"width\": 44,\n        \"height\": 44\n      },\n      \"legacy_identifier\": {\n        \"originating_palace\": \"openpalace.org:9998\",\n        \"id\": 3728473857,\n        \"crc\": 1984398582\n      },\n      \"temp_id\": \"TEMPORARY_IDENTIFIER_STRING 1\",\n      \"name\": \"Prop Name\"\n    },\n    {\n      \"flags\": {\n        \"head\": true,\n        \"ghost\": false,\n        \"rare\": true,\n        \"animate\": true,\n        \"palindrome\": false,\n        \"bounce\": false\n      },\n      \"offsets\": {\n        \"x\": 45,\n        \"y\": 21\n      },\n      \"size\": {\n        \"width\": 44,\n        \"height\": 44\n      },\n      \"legacy_identifier\": {\n        \"originating_palace\": \"openpalace.org:9998\",\n        \"id\": 2059382943,\n        \"crc\": 1394839283\n      },\n      \"temp_id\": \"TEMPORARY_IDENTIFIER_STRING 2\",\n      \"name\": \"Prop Name\",\n      \"obsoletes_guid\": \"2249a8ad-c45b-44c3-af89-936cd8a9a837\"\n    }\n  ]\n}"}
  [4;36;1mPalaceProp Columns (1.8ms)[0m   [0;1mSHOW FIELDS FROM `palace_props`[0m

NoMethodError (You have a nil object when you didn't expect it!
You might have expected an instance of ActiveRecord::Base.
The error occurred while evaluating nil.[]=):
  app/controllers/props_controller.rb:43:in `new'
  app/controllers/props_controller.rb:32:in `each'
  app/controllers/props_controller.rb:32:in `new'

Rendered rescues/_trace (57.2ms)
Rendered rescues/_request_and_response (0.6ms)
Rendering rescues/layout (internal_server_error)
  [4;35;1mSQL (0.1ms)[0m   [0mSET NAMES 'utf8'[0m
  [4;36;1mSQL (0.1ms)[0m   [0;1mSET SQL_AUTO_IS_NULL=0[0m


Processing PropsController#new (for 127.0.0.1 at 2009-06-03 01:53:26) [POST]
  Parameters: {"json"=>"{\n  \"api_version\": 1,\n  \"props\": [\n    {\n      \"flags\": {\n        \"head\": true,\n        \"ghost\": false,\n        \"rare\": true,\n        \"animate\": true,\n        \"palindrome\": false,\n        \"bounce\": false\n      },\n      \"offsets\": {\n        \"x\": 24,\n        \"y\": 39\n      },\n      \"size\": {\n        \"width\": 44,\n        \"height\": 44\n      },\n      \"legacy_identifier\": {\n        \"originating_palace\": \"openpalace.org:9998\",\n        \"id\": 3728473857,\n        \"crc\": 1984398582\n      },\n      \"temp_id\": \"TEMPORARY_IDENTIFIER_STRING 1\",\n      \"name\": \"Prop Name\"\n    },\n    {\n      \"flags\": {\n        \"head\": true,\n        \"ghost\": false,\n        \"rare\": true,\n        \"animate\": true,\n        \"palindrome\": false,\n        \"bounce\": false\n      },\n      \"offsets\": {\n        \"x\": 45,\n        \"y\": 21\n      },\n      \"size\": {\n        \"width\": 44,\n        \"height\": 44\n      },\n      \"legacy_identifier\": {\n        \"originating_palace\": \"openpalace.org:9998\",\n        \"id\": 2059382943,\n        \"crc\": 1394839283\n      },\n      \"temp_id\": \"TEMPORARY_IDENTIFIER_STRING 2\",\n      \"name\": \"Prop Name\",\n      \"obsoletes_guid\": \"2249a8ad-c45b-44c3-af89-936cd8a9a837\"\n    }\n  ]\n}"}
  [4;35;1mPalaceProp Columns (1.6ms)[0m   [0mSHOW FIELDS FROM `palace_props`[0m
  [4;36;1mSQL (14.3ms)[0m   [0;1mBEGIN[0m
  [4;35;1mPalaceProp Create (12.8ms)[0m   [0mINSERT INTO `palace_props` (`name`, `legacy_crc`, `created_at`, `guid`, `flag_palindrome`, `updated_at`, `offset_x`, `flag_animate`, `flag_bounce`, `offset_y`, `height`, `legacy_id`, `flag_ghost`, `width`, `originating_palace`, `flag_head`, `flag_rare`) VALUES('Prop Name', 1984398582, '2009-06-03 08:53:26', 'eccd4690-3249-012c-fd79-001f5b35b824', 0, '2009-06-03 08:53:26', 24, 1, 0, 39, 44, 3728473857, 0, 44, 'openpalace.org:9998', 1, 1)[0m
  [4;36;1mSQL (11.4ms)[0m   [0;1mCOMMIT[0m
  [4;35;1mSQL (0.1ms)[0m   [0mBEGIN[0m
  [4;36;1mPalaceProp Create (0.2ms)[0m   [0;1mINSERT INTO `palace_props` (`name`, `legacy_crc`, `created_at`, `guid`, `flag_palindrome`, `updated_at`, `offset_x`, `flag_animate`, `flag_bounce`, `offset_y`, `height`, `legacy_id`, `flag_ghost`, `width`, `originating_palace`, `flag_head`, `flag_rare`) VALUES('Prop Name', 1394839283, '2009-06-03 08:53:26', 'ecd973d0-3249-012c-fd79-001f5b35b824', 0, '2009-06-03 08:53:26', 45, 1, 0, 21, 44, 2059382943, 0, 44, 'openpalace.org:9998', 1, 1)[0m
  [4;35;1mSQL (2.5ms)[0m   [0mCOMMIT[0m
Completed in 104ms (View: 1, DB: 43) | 200 OK [http://localhost/props/new]
  [4;36;1mSQL (0.1ms)[0m   [0;1mSET NAMES 'utf8'[0m
  [4;35;1mSQL (0.1ms)[0m   [0mSET SQL_AUTO_IS_NULL=0[0m


Processing PropsController#new (for 127.0.0.1 at 2009-06-03 01:54:06) [POST]
  Parameters: {"json"=>"{\n  \"api_version\": 1,\n  \"props\": [\n    {\n      \"flags\": {\n        \"head\": true,\n        \"ghost\": false,\n        \"rare\": true,\n        \"animate\": true,\n        \"palindrome\": false,\n        \"bounce\": false\n      },\n      \"offsets\": {\n        \"x\": 24,\n        \"y\": 39\n      },\n      \"size\": {\n        \"width\": 44,\n        \"height\": 44\n      },\n      \"legacy_identifier\": {\n        \"originating_palace\": \"openpalace.org:9998\",\n        \"id\": 3728473857,\n        \"crc\": 1984398582\n      },\n      \"temp_id\": \"TEMPORARY_IDENTIFIER_STRING 1\",\n      \"name\": \"Prop Name\"\n    },\n    {\n      \"flags\": {\n        \"head\": true,\n        \"ghost\": false,\n        \"rare\": true,\n        \"animate\": true,\n        \"palindrome\": false,\n        \"bounce\": false\n      },\n      \"offsets\": {\n        \"x\": 45,\n        \"y\": 21\n      },\n      \"size\": {\n        \"width\": 44,\n        \"height\": 44\n      },\n      \"legacy_identifier\": {\n        \"originating_palace\": \"openpalace.org:9998\",\n        \"id\": 2059382943,\n        \"crc\": 1394839283\n      },\n      \"temp_id\": \"TEMPORARY_IDENTIFIER_STRING 2\",\n      \"name\": \"Prop Name\",\n      \"obsoletes_guid\": \"2249a8ad-c45b-44c3-af89-936cd8a9a837\"\n    }\n  ]\n}"}
  [4;36;1mPalaceProp Columns (1.7ms)[0m   [0;1mSHOW FIELDS FROM `palace_props`[0m
  [4;35;1mSQL (0.1ms)[0m   [0mBEGIN[0m
  [4;36;1mPalaceProp Create (0.2ms)[0m   [0;1mINSERT INTO `palace_props` (`name`, `legacy_crc`, `created_at`, `guid`, `flag_palindrome`, `updated_at`, `offset_x`, `flag_animate`, `flag_bounce`, `offset_y`, `height`, `legacy_id`, `flag_ghost`, `width`, `originating_palace`, `flag_head`, `flag_rare`) VALUES('Prop Name', 1984398582, '2009-06-03 08:54:06', '04dc2e10-324a-012c-fd7a-001f5b35b824', 0, '2009-06-03 08:54:06', 24, 1, 0, 39, 44, 3728473857, 0, 44, 'openpalace.org:9998', 1, 1)[0m
  [4;35;1mSQL (0.3ms)[0m   [0mCOMMIT[0m
  [4;36;1mSQL (0.1ms)[0m   [0;1mBEGIN[0m
  [4;35;1mPalaceProp Create (0.1ms)[0m   [0mINSERT INTO `palace_props` (`name`, `legacy_crc`, `created_at`, `guid`, `flag_palindrome`, `updated_at`, `offset_x`, `flag_animate`, `flag_bounce`, `offset_y`, `height`, `legacy_id`, `flag_ghost`, `width`, `originating_palace`, `flag_head`, `flag_rare`) VALUES('Prop Name', 1394839283, '2009-06-03 08:54:06', '04ddf160-324a-012c-fd7a-001f5b35b824', 0, '2009-06-03 08:54:06', 45, 1, 0, 21, 44, 2059382943, 0, 44, 'openpalace.org:9998', 1, 1)[0m
  [4;36;1mSQL (4.0ms)[0m   [0;1mCOMMIT[0m
Completed in 38ms (View: 1, DB: 7) | 200 OK [http://localhost/props/new]
  [4;36;1mSQL (0.2ms)[0m   [0;1mSET NAMES 'utf8'[0m
  [4;35;1mSQL (0.1ms)[0m   [0mSET SQL_AUTO_IS_NULL=0[0m


Processing PropsController#new (for 127.0.0.1 at 2009-06-03 01:55:17) [POST]
  Parameters: {"json"=>"{\n  \"api_version\": 1,\n  \"props\": [\n    {\n      \"flags\": {\n        \"head\": true,\n        \"ghost\": false,\n        \"rare\": true,\n        \"animate\": true,\n        \"palindrome\": false,\n        \"bounce\": false\n      },\n      \"offsets\": {\n        \"x\": 24,\n        \"y\": 39\n      },\n      \"size\": {\n        \"width\": 44,\n        \"height\": 44\n      },\n      \"legacy_identifier\": {\n        \"originating_palace\": \"openpalace.org:9998\",\n        \"id\": 3728473857,\n        \"crc\": 1984398582\n      },\n      \"temp_id\": \"TEMPORARY_IDENTIFIER_STRING 1\",\n      \"name\": \"Prop Name\"\n    },\n    {\n      \"flags\": {\n        \"head\": true,\n        \"ghost\": false,\n        \"rare\": true,\n        \"animate\": true,\n        \"palindrome\": false,\n        \"bounce\": false\n      },\n      \"offsets\": {\n        \"x\": 45,\n        \"y\": 21\n      },\n      \"size\": {\n        \"width\": 44,\n        \"height\": 44\n      },\n      \"legacy_identifier\": {\n        \"originating_palace\": \"openpalace.org:9998\",\n        \"id\": 2059382943,\n        \"crc\": 1394839283\n      },\n      \"temp_id\": \"TEMPORARY_IDENTIFIER_STRING 2\",\n      \"name\": \"Prop Name\",\n      \"obsoletes_guid\": \"2249a8ad-c45b-44c3-af89-936cd8a9a837\"\n    }\n  ]\n}"}
  [4;36;1mPalaceProp Columns (12.7ms)[0m   [0;1mSHOW FIELDS FROM `palace_props`[0m
  [4;35;1mSQL (0.1ms)[0m   [0mBEGIN[0m
  [4;36;1mPalaceProp Create (0.3ms)[0m   [0;1mINSERT INTO `palace_props` (`name`, `legacy_crc`, `created_at`, `guid`, `flag_palindrome`, `updated_at`, `offset_x`, `flag_animate`, `flag_bounce`, `offset_y`, `height`, `legacy_id`, `flag_ghost`, `width`, `originating_palace`, `flag_head`, `flag_rare`) VALUES('Prop Name', 1984398582, '2009-06-03 08:55:18', '2f73b5c0-324a-012c-fd7c-001f5b35b824', 0, '2009-06-03 08:55:18', 24, 1, 0, 39, 44, 3728473857, 0, 44, 'openpalace.org:9998', 1, 1)[0m
  [4;35;1mSQL (0.4ms)[0m   [0mCOMMIT[0m
  [4;36;1mSQL (0.1ms)[0m   [0;1mBEGIN[0m
  [4;35;1mPalaceProp Create (0.2ms)[0m   [0mINSERT INTO `palace_props` (`name`, `legacy_crc`, `created_at`, `guid`, `flag_palindrome`, `updated_at`, `offset_x`, `flag_animate`, `flag_bounce`, `offset_y`, `height`, `legacy_id`, `flag_ghost`, `width`, `originating_palace`, `flag_head`, `flag_rare`) VALUES('Prop Name', 1394839283, '2009-06-03 08:55:18', '2f788d10-324a-012c-fd7c-001f5b35b824', 0, '2009-06-03 08:55:18', 45, 1, 0, 21, 44, 2059382943, 0, 44, 'openpalace.org:9998', 1, 1)[0m
  [4;36;1mSQL (16.0ms)[0m   [0;1mCOMMIT[0m
Completed in 91ms (View: 1, DB: 30) | 200 OK [http://localhost/props/new]
  [4;36;1mSQL (0.2ms)[0m   [0;1mSET NAMES 'utf8'[0m
  [4;35;1mSQL (0.1ms)[0m   [0mSET SQL_AUTO_IS_NULL=0[0m


Processing PropsController#new (for 127.0.0.1 at 2009-06-03 01:58:12) [GET]
  Parameters: {"json"=>"{\"api_version\":1}"}

NoMethodError (You have a nil object when you didn't expect it!
You might have expected an instance of Array.
The error occurred while evaluating nil.each):
  app/controllers/props_controller.rb:32:in `new'

Rendered rescues/_trace (58.8ms)
Rendered rescues/_request_and_response (1.8ms)
Rendering rescues/layout (internal_server_error)
  [4;36;1mSQL (0.1ms)[0m   [0;1mSET NAMES 'utf8'[0m
  [4;35;1mSQL (0.1ms)[0m   [0mSET SQL_AUTO_IS_NULL=0[0m


Processing PropsController#new (for 127.0.0.1 at 2009-06-03 01:59:08) [GET]
  Parameters: {"json"=>"{\"api_version\":1}"}
Completed in 7ms (View: 1, DB: 0) | 200 OK [http://localhost/props/new?json={%22api_version%22%3A1}]
  [4;36;1mSQL (0.1ms)[0m   [0;1mSET NAMES 'utf8'[0m
  [4;35;1mSQL (0.1ms)[0m   [0mSET SQL_AUTO_IS_NULL=0[0m


Processing PropsController#new (for 127.0.0.1 at 2009-06-03 01:59:21) [GET]
  Parameters: {"json"=>"{\"api_version\":1}"}
Completed in 7ms (View: 1, DB: 0) | 200 OK [http://localhost/props/new?json={%22api_version%22%3A1}]
  [4;36;1mSQL (0.1ms)[0m   [0;1mSET NAMES 'utf8'[0m
  [4;35;1mSQL (0.1ms)[0m   [0mSET SQL_AUTO_IS_NULL=0[0m


Processing PropsController#new (for 127.0.0.1 at 2009-06-03 01:59:22) [GET]
  Parameters: {"json"=>"{\"api_version\":1}"}
Completed in 7ms (View: 1, DB: 0) | 200 OK [http://localhost/props/new?json={%22api_version%22%3A1}]
  [4;36;1mSQL (0.1ms)[0m   [0;1mSET NAMES 'utf8'[0m
  [4;35;1mSQL (0.1ms)[0m   [0mSET SQL_AUTO_IS_NULL=0[0m


Processing PropsController#new (for 127.0.0.1 at 2009-06-03 01:59:23) [GET]
  Parameters: {"json"=>"{\"api_version\":1}"}
Completed in 7ms (View: 1, DB: 0) | 200 OK [http://localhost/props/new?json={%22api_version%22%3A1}]
  [4;36;1mSQL (0.1ms)[0m   [0;1mSET NAMES 'utf8'[0m
  [4;35;1mSQL (0.1ms)[0m   [0mSET SQL_AUTO_IS_NULL=0[0m


Processing PropsController#new (for 127.0.0.1 at 2009-06-03 01:59:51) [POST]
  Parameters: {"json"=>"{\n  \"api_version\": 1,\n  \"props\": [\n    {\n      \"flags\": {\n        \"head\": true,\n        \"ghost\": false,\n        \"rare\": true,\n        \"animate\": true,\n        \"palindrome\": false,\n        \"bounce\": false\n      },\n      \"offsets\": {\n        \"x\": 24,\n        \"y\": 39\n      },\n      \"size\": {\n        \"width\": 44,\n        \"height\": 44\n      },\n      \"legacy_identifier\": {\n        \"originating_palace\": \"openpalace.org:9998\",\n        \"id\": 3728473857,\n        \"crc\": 1984398582\n      },\n      \"temp_id\": \"TEMPORARY_IDENTIFIER_STRING 1\",\n      \"name\": \"Prop Name\"\n    },\n    {\n      \"flags\": {\n        \"head\": true,\n        \"ghost\": false,\n        \"rare\": true,\n        \"animate\": true,\n        \"palindrome\": false,\n        \"bounce\": false\n      },\n      \"offsets\": {\n        \"x\": 45,\n        \"y\": 21\n      },\n      \"size\": {\n        \"width\": 44,\n        \"height\": 44\n      },\n      \"legacy_identifier\": {\n        \"originating_palace\": \"openpalace.org:9998\",\n        \"id\": 2059382943,\n        \"crc\": 1394839283\n      },\n      \"temp_id\": \"TEMPORARY_IDENTIFIER_STRING 2\",\n      \"name\": \"Prop Name\",\n      \"obsoletes_guid\": \"2249a8ad-c45b-44c3-af89-936cd8a9a837\"\n    }\n  ]\n}"}
  [4;36;1mPalaceProp Columns (1.9ms)[0m   [0;1mSHOW FIELDS FROM `palace_props`[0m
Completed in 27ms (View: 1, DB: 2) | 200 OK [http://localhost/props/new]
  [4;35;1mSQL (0.1ms)[0m   [0mSET NAMES 'utf8'[0m
  [4;36;1mSQL (0.1ms)[0m   [0;1mSET SQL_AUTO_IS_NULL=0[0m


Processing PropsController#new (for 127.0.0.1 at 2009-06-03 01:59:56) [POST]
  Parameters: {"json"=>"{\n  \"api_version\": 1,\n  \"props\": [\n    {\n      \"flags\": {\n        \"head\": true,\n        \"ghost\": false,\n        \"rare\": true,\n        \"animate\": true,\n        \"palindrome\": false,\n        \"bounce\": false\n      },\n      \"offsets\": {\n        \"x\": 24,\n        \"y\": 39\n      },\n      \"size\": {\n        \"width\": 44,\n        \"height\": 44\n      },\n      \"legacy_identifier\": {\n        \"originating_palace\": \"openpalace.org:9998\",\n        \"id\": 3728473857,\n        \"crc\": 1984398582\n      },\n      \"temp_id\": \"TEMPORARY_IDENTIFIER_STRING 1\",\n      \"name\": \"Prop Name\"\n    },\n    {\n      \"flags\": {\n        \"head\": true,\n        \"ghost\": false,\n        \"rare\": true,\n        \"animate\": true,\n        \"palindrome\": false,\n        \"bounce\": false\n      },\n      \"offsets\": {\n        \"x\": 45,\n        \"y\": 21\n      },\n      \"size\": {\n        \"width\": 44,\n        \"height\": 44\n      },\n      \"legacy_identifier\": {\n        \"originating_palace\": \"openpalace.org:9998\",\n        \"id\": 2059382943,\n        \"crc\": 1394839283\n      },\n      \"temp_id\": \"TEMPORARY_IDENTIFIER_STRING 2\",\n      \"name\": \"Prop Name\",\n      \"obsoletes_guid\": \"2249a8ad-c45b-44c3-af89-936cd8a9a837\"\n    }\n  ]\n}"}
  [4;35;1mPalaceProp Columns (1.6ms)[0m   [0mSHOW FIELDS FROM `palace_props`[0m
Completed in 24ms (View: 1, DB: 2) | 200 OK [http://localhost/props/new]
  [4;36;1mSQL (0.2ms)[0m   [0;1mSET NAMES 'utf8'[0m
  [4;35;1mSQL (0.1ms)[0m   [0mSET SQL_AUTO_IS_NULL=0[0m
  [4;36;1mPalaceProp Load (0.4ms)[0m   [0;1mSELECT * FROM `palace_props` [0m
  [4;35;1mPalaceProp Columns (1.5ms)[0m   [0mSHOW FIELDS FROM `palace_props`[0m
  [4;36;1mPalaceProp Load (0.4ms)[0m   [0;1mSELECT * FROM `palace_props` [0m
  [4;36;1mSQL (0.2ms)[0m   [0;1mSET NAMES 'utf8'[0m
  [4;35;1mSQL (0.1ms)[0m   [0mSET SQL_AUTO_IS_NULL=0[0m


Processing PropsController#new (for 127.0.0.1 at 2009-06-03 02:04:03) [POST]
  Parameters: {"json"=>"{\n  \"api_version\": 1,\n  \"props\": [\n    {\n      \"flags\": {\n        \"head\": true,\n        \"ghost\": false,\n        \"rare\": true,\n        \"animate\": true,\n        \"palindrome\": false,\n        \"bounce\": false\n      },\n      \"offsets\": {\n        \"x\": 24,\n        \"y\": 39\n      },\n      \"size\": {\n        \"width\": 44,\n        \"height\": 44\n      },\n      \"temp_id\": \"TEMPORARY_IDENTIFIER_STRING 1\",\n      \"name\": \"Prop Name\"\n    },\n    {\n      \"flags\": {\n        \"head\": true,\n        \"ghost\": false,\n        \"rare\": true,\n        \"animate\": true,\n        \"palindrome\": false,\n        \"bounce\": false\n      },\n      \"offsets\": {\n        \"x\": 45,\n        \"y\": 21\n      },\n      \"size\": {\n        \"width\": 44,\n        \"height\": 44\n      },\n      \"legacy_identifier\": {\n        \"originating_palace\": \"openpalace.org:9998\",\n        \"id\": 2059382943,\n        \"crc\": 1394839283\n      },\n      \"temp_id\": \"TEMPORARY_IDENTIFIER_STRING 2\",\n      \"name\": \"Prop Name\",\n      \"obsoletes_guid\": \"2249a8ad-c45b-44c3-af89-936cd8a9a837\"\n    }\n  ]\n}"}
  [4;36;1mPalaceProp Columns (1.9ms)[0m   [0;1mSHOW FIELDS FROM `palace_props`[0m
  [4;35;1mSQL (0.1ms)[0m   [0mBEGIN[0m
  [4;36;1mPalaceProp Create (0.3ms)[0m   [0;1mINSERT INTO `palace_props` (`name`, `legacy_crc`, `created_at`, `guid`, `flag_palindrome`, `updated_at`, `offset_x`, `flag_animate`, `flag_bounce`, `offset_y`, `height`, `legacy_id`, `flag_ghost`, `width`, `originating_palace`, `flag_head`, `flag_rare`) VALUES('Prop Name', NULL, '2009-06-03 09:04:03', '688fe970-324b-012c-fd88-001f5b35b824', 0, '2009-06-03 09:04:03', 24, 1, 0, 39, 44, NULL, 0, 44, NULL, 1, 1)[0m
  [4;35;1mSQL (0.3ms)[0m   [0mCOMMIT[0m
  [4;36;1mSQL (0.1ms)[0m   [0;1mBEGIN[0m
  [4;35;1mPalaceProp Update (0.2ms)[0m   [0mUPDATE `palace_props` SET `updated_at` = '2009-06-03 09:04:03', `originating_palace` = 'openpalace_web_service', `legacy_id` = 21 WHERE `id` = 21[0m
  [4;36;1mSQL (10.7ms)[0m   [0;1mCOMMIT[0m
  [4;35;1mSQL (0.1ms)[0m   [0mBEGIN[0m
  [4;36;1mPalaceProp Create (0.3ms)[0m   [0;1mINSERT INTO `palace_props` (`name`, `legacy_crc`, `created_at`, `guid`, `flag_palindrome`, `updated_at`, `offset_x`, `flag_animate`, `flag_bounce`, `offset_y`, `height`, `legacy_id`, `flag_ghost`, `width`, `originating_palace`, `flag_head`, `flag_rare`) VALUES('Prop Name', 1394839283, '2009-06-03 09:04:03', '6896b890-324b-012c-fd88-001f5b35b824', 0, '2009-06-03 09:04:03', 45, 1, 0, 21, 44, 2059382943, 0, 44, 'openpalace.org:9998', 1, 1)[0m
  [4;35;1mSQL (2.5ms)[0m   [0mCOMMIT[0m
Completed in 80ms (View: 1, DB: 17) | 200 OK [http://localhost/props/new]
  [4;36;1mSQL (0.1ms)[0m   [0;1mSET NAMES 'utf8'[0m
  [4;35;1mSQL (0.1ms)[0m   [0mSET SQL_AUTO_IS_NULL=0[0m


Processing PropsController#new (for 127.0.0.1 at 2009-06-03 02:05:04) [POST]
  Parameters: {"json"=>"{\n  \"api_version\": 1,\n  \"props\": [\n    {\n      \"flags\": {\n        \"head\": true,\n        \"ghost\": false,\n        \"rare\": true,\n        \"animate\": true,\n        \"palindrome\": false,\n        \"bounce\": false\n      },\n      \"offsets\": {\n        \"x\": 24,\n        \"y\": 39\n      },\n      \"size\": {\n        \"width\": 44,\n        \"height\": 44\n      },\n      \"temp_id\": \"TEMPORARY_IDENTIFIER_STRING 1\",\n      \"name\": \"Prop Name\"\n    },\n    {\n      \"flags\": {\n        \"head\": true,\n        \"ghost\": false,\n        \"rare\": true,\n        \"animate\": true,\n        \"palindrome\": false,\n        \"bounce\": false\n      },\n      \"offsets\": {\n        \"x\": 45,\n        \"y\": 21\n      },\n      \"size\": {\n        \"width\": 44,\n        \"height\": 44\n      },\n      \"legacy_identifier\": {\n        \"originating_palace\": \"openpalace.org:9998\",\n        \"id\": 2059382943,\n        \"crc\": 1394839283\n      },\n      \"temp_id\": \"TEMPORARY_IDENTIFIER_STRING 2\",\n      \"name\": \"Prop Name\",\n      \"obsoletes_guid\": \"2249a8ad-c45b-44c3-af89-936cd8a9a837\"\n    }\n  ]\n}"}
  [4;36;1mPalaceProp Columns (2.0ms)[0m   [0;1mSHOW FIELDS FROM `palace_props`[0m
  [4;35;1mSQL (0.1ms)[0m   [0mBEGIN[0m
  [4;36;1mPalaceProp Create (0.3ms)[0m   [0;1mINSERT INTO `palace_props` (`name`, `legacy_crc`, `created_at`, `guid`, `flag_palindrome`, `updated_at`, `offset_x`, `flag_animate`, `flag_bounce`, `offset_y`, `height`, `legacy_id`, `flag_ghost`, `width`, `originating_palace`, `flag_head`, `flag_rare`) VALUES('Prop Name', NULL, '2009-06-03 09:05:04', '8d3fba90-324b-012c-fd89-001f5b35b824', 0, '2009-06-03 09:05:04', 24, 1, 0, 39, 44, NULL, 0, 44, NULL, 1, 1)[0m
  [4;35;1mSQL (0.3ms)[0m   [0mCOMMIT[0m
  [4;36;1mSQL (0.1ms)[0m   [0;1mBEGIN[0m
  [4;35;1mPalaceProp Update (16.1ms)[0m   [0mUPDATE `palace_props` SET `updated_at` = '2009-06-03 09:05:04', `originating_palace` = 'openpalace_web_service', `legacy_id` = -23 WHERE `id` = 23[0m
  [4;36;1mSQL (0.3ms)[0m   [0;1mCOMMIT[0m
  [4;35;1mSQL (0.1ms)[0m   [0mBEGIN[0m
  [4;36;1mPalaceProp Create (0.2ms)[0m   [0;1mINSERT INTO `palace_props` (`name`, `legacy_crc`, `created_at`, `guid`, `flag_palindrome`, `updated_at`, `offset_x`, `flag_animate`, `flag_bounce`, `offset_y`, `height`, `legacy_id`, `flag_ghost`, `width`, `originating_palace`, `flag_head`, `flag_rare`) VALUES('Prop Name', 1394839283, '2009-06-03 09:05:04', '8d444170-324b-012c-fd89-001f5b35b824', 0, '2009-06-03 09:05:04', 45, 1, 0, 21, 44, 2059382943, 0, 44, 'openpalace.org:9998', 1, 1)[0m
  [4;35;1mSQL (0.3ms)[0m   [0mCOMMIT[0m
Completed in 54ms (View: 1, DB: 20) | 200 OK [http://localhost/props/new]
